<?xml version="1.0" encoding="UTF-8"?>
<!-- Generated by org.testng.reporters.JUnitReportReporter -->
<testsuite hostname="chaithanya" failures="0" tests="9" name="testRunner" time="119.311" errors="0" timestamp="2024-09-02T10:36:25 IST" skipped="0">
  <testcase classname="testRunner" name="runScenario" time="26.203"/>
  <testcase classname="testRunner" name="runScenario" time="6.794"/>
  <testcase classname="testRunner" name="runScenario" time="21.029"/>
  <testcase classname="testRunner" name="runScenario" time="11.146"/>
  <testcase classname="testRunner" name="runScenario" time="8.861"/>
  <testcase classname="testRunner" name="runScenario" time="6.687"/>
  <testcase classname="testRunner" name="runScenario" time="20.381"/>
  <testcase classname="testRunner" name="runScenario" time="9.728"/>
  <testcase classname="testRunner" name="runScenario" time="8.482"/>
</testsuite> <!-- testRunner -->
